{"/Applications/MAMP/htdocs/Projects/Github/node-dependency-injection/dist/index.js":{"path":"/Applications/MAMP/htdocs/Projects/Github/node-dependency-injection/dist/index.js","s":{"1":1,"2":1,"3":1,"4":1,"5":1,"6":1,"7":2,"8":2,"9":1,"10":2,"11":2,"12":2,"13":2,"14":1,"15":27,"16":27,"17":0,"18":1,"19":5,"20":5,"21":5,"22":5,"23":5,"24":1,"25":4,"26":4,"27":4,"28":4,"29":4,"30":6,"31":6,"32":6,"33":6,"34":6,"35":4,"36":1,"37":9,"38":9,"39":9,"40":9,"41":9,"42":11,"43":11,"44":11,"45":11,"46":11,"47":11,"48":3,"49":3,"50":8,"51":8,"52":8,"53":8,"54":13,"55":13,"56":13,"57":7,"58":7,"59":8,"60":4,"61":4,"62":4,"63":11,"64":9,"65":1,"66":1},"b":{"1":[1,1],"2":[2,2],"3":[2,2],"4":[2,2],"5":[0,27],"6":[5,5],"7":[4,4],"8":[6,3],"9":[9,9],"10":[11,2],"11":[3,8],"12":[7,6],"13":[4,4]},"f":{"1":1,"2":1,"3":2,"4":27,"5":5,"6":4,"7":9},"fnMap":{"1":{"name":"(anonymous_1)","line":2,"loc":{"start":{"line":2,"column":1},"end":{"line":2,"column":12}}},"2":{"name":"(anonymous_2)","line":9,"loc":{"start":{"line":9,"column":25},"end":{"line":9,"column":36}}},"3":{"name":"DependencyInjection","line":10,"loc":{"start":{"line":10,"column":4},"end":{"line":10,"column":42}}},"4":{"name":"(anonymous_4)","line":21,"loc":{"start":{"line":21,"column":40},"end":{"line":21,"column":51}}},"5":{"name":"(anonymous_5)","line":28,"loc":{"start":{"line":28,"column":45},"end":{"line":28,"column":88}}},"6":{"name":"(anonymous_6)","line":36,"loc":{"start":{"line":36,"column":44},"end":{"line":36,"column":77}}},"7":{"name":"(anonymous_7)","line":51,"loc":{"start":{"line":51,"column":43},"end":{"line":51,"column":66}}}},"statementMap":{"1":{"start":{"line":2,"column":0},"end":{"line":95,"column":14}},"2":{"start":{"line":3,"column":2},"end":{"line":3,"column":37}},"3":{"start":{"line":5,"column":2},"end":{"line":5,"column":28}},"4":{"start":{"line":7,"column":2},"end":{"line":7,"column":29}},"5":{"start":{"line":9,"column":2},"end":{"line":91,"column":7}},"6":{"start":{"line":10,"column":4},"end":{"line":19,"column":5}},"7":{"start":{"line":11,"column":6},"end":{"line":11,"column":42}},"8":{"start":{"line":12,"column":6},"end":{"line":14,"column":7}},"9":{"start":{"line":13,"column":8},"end":{"line":13,"column":21}},"10":{"start":{"line":15,"column":6},"end":{"line":15,"column":98}},"11":{"start":{"line":16,"column":6},"end":{"line":16,"column":34}},"12":{"start":{"line":17,"column":6},"end":{"line":17,"column":45}},"13":{"start":{"line":18,"column":6},"end":{"line":18,"column":41}},"14":{"start":{"line":21,"column":4},"end":{"line":26,"column":6}},"15":{"start":{"line":22,"column":6},"end":{"line":22,"column":61}},"16":{"start":{"line":23,"column":6},"end":{"line":25,"column":7}},"17":{"start":{"line":24,"column":8},"end":{"line":24,"column":53}},"18":{"start":{"line":28,"column":4},"end":{"line":34,"column":6}},"19":{"start":{"line":29,"column":6},"end":{"line":29,"column":38}},"20":{"start":{"line":30,"column":6},"end":{"line":30,"column":143}},"21":{"start":{"line":31,"column":6},"end":{"line":31,"column":76}},"22":{"start":{"line":32,"column":6},"end":{"line":32,"column":59}},"23":{"start":{"line":33,"column":6},"end":{"line":33,"column":43}},"24":{"start":{"line":36,"column":4},"end":{"line":49,"column":6}},"25":{"start":{"line":37,"column":6},"end":{"line":37,"column":31}},"26":{"start":{"line":38,"column":6},"end":{"line":38,"column":40}},"27":{"start":{"line":39,"column":6},"end":{"line":39,"column":134}},"28":{"start":{"line":40,"column":6},"end":{"line":40,"column":79}},"29":{"start":{"line":41,"column":6},"end":{"line":47,"column":7}},"30":{"start":{"line":42,"column":8},"end":{"line":42,"column":38}},"31":{"start":{"line":43,"column":8},"end":{"line":43,"column":72}},"32":{"start":{"line":44,"column":8},"end":{"line":44,"column":45}},"33":{"start":{"line":45,"column":8},"end":{"line":45,"column":65}},"34":{"start":{"line":46,"column":8},"end":{"line":46,"column":51}},"35":{"start":{"line":48,"column":6},"end":{"line":48,"column":39}},"36":{"start":{"line":51,"column":4},"end":{"line":87,"column":6}},"37":{"start":{"line":52,"column":6},"end":{"line":52,"column":188}},"38":{"start":{"line":53,"column":6},"end":{"line":53,"column":39}},"39":{"start":{"line":54,"column":6},"end":{"line":54,"column":134}},"40":{"start":{"line":55,"column":6},"end":{"line":55,"column":20}},"41":{"start":{"line":56,"column":6},"end":{"line":85,"column":7}},"42":{"start":{"line":57,"column":8},"end":{"line":57,"column":38}},"43":{"start":{"line":58,"column":8},"end":{"line":58,"column":54}},"44":{"start":{"line":59,"column":8},"end":{"line":59,"column":22}},"45":{"start":{"line":60,"column":8},"end":{"line":83,"column":9}},"46":{"start":{"line":61,"column":10},"end":{"line":61,"column":35}},"47":{"start":{"line":62,"column":10},"end":{"line":82,"column":11}},"48":{"start":{"line":63,"column":12},"end":{"line":63,"column":74}},"49":{"start":{"line":64,"column":12},"end":{"line":64,"column":36}},"50":{"start":{"line":66,"column":12},"end":{"line":66,"column":34}},"51":{"start":{"line":67,"column":12},"end":{"line":67,"column":39}},"52":{"start":{"line":68,"column":12},"end":{"line":68,"column":41}},"53":{"start":{"line":69,"column":12},"end":{"line":76,"column":13}},"54":{"start":{"line":70,"column":14},"end":{"line":70,"column":50}},"55":{"start":{"line":71,"column":14},"end":{"line":71,"column":80}},"56":{"start":{"line":72,"column":14},"end":{"line":75,"column":15}},"57":{"start":{"line":73,"column":16},"end":{"line":73,"column":81}},"58":{"start":{"line":74,"column":16},"end":{"line":74,"column":64}},"59":{"start":{"line":77,"column":12},"end":{"line":81,"column":13}},"60":{"start":{"line":78,"column":14},"end":{"line":78,"column":38}},"61":{"start":{"line":79,"column":14},"end":{"line":79,"column":42}},"62":{"start":{"line":80,"column":14},"end":{"line":80,"column":70}},"63":{"start":{"line":84,"column":8},"end":{"line":84,"column":84}},"64":{"start":{"line":86,"column":6},"end":{"line":86,"column":22}},"65":{"start":{"line":89,"column":4},"end":{"line":89,"column":31}},"66":{"start":{"line":93,"column":2},"end":{"line":93,"column":39}}},"branchMap":{"1":{"line":12,"type":"if","locations":[{"start":{"line":12,"column":6},"end":{"line":12,"column":6}},{"start":{"line":12,"column":6},"end":{"line":12,"column":6}}]},"2":{"line":16,"type":"binary-expr","locations":[{"start":{"line":16,"column":19},"end":{"line":16,"column":24}},{"start":{"line":16,"column":28},"end":{"line":16,"column":33}}]},"3":{"line":17,"type":"binary-expr","locations":[{"start":{"line":17,"column":26},"end":{"line":17,"column":38}},{"start":{"line":17,"column":42},"end":{"line":17,"column":44}}]},"4":{"line":18,"type":"binary-expr","locations":[{"start":{"line":18,"column":24},"end":{"line":18,"column":34}},{"start":{"line":18,"column":38},"end":{"line":18,"column":40}}]},"5":{"line":23,"type":"if","locations":[{"start":{"line":23,"column":6},"end":{"line":23,"column":6}},{"start":{"line":23,"column":6},"end":{"line":23,"column":6}}]},"6":{"line":30,"type":"binary-expr","locations":[{"start":{"line":30,"column":16},"end":{"line":30,"column":50}},{"start":{"line":30,"column":54},"end":{"line":30,"column":79}}]},"7":{"line":39,"type":"binary-expr","locations":[{"start":{"line":39,"column":16},"end":{"line":39,"column":45}},{"start":{"line":39,"column":49},"end":{"line":39,"column":72}}]},"8":{"line":43,"type":"binary-expr","locations":[{"start":{"line":43,"column":38},"end":{"line":43,"column":65}},{"start":{"line":43,"column":69},"end":{"line":43,"column":71}}]},"9":{"line":54,"type":"binary-expr","locations":[{"start":{"line":54,"column":16},"end":{"line":54,"column":45}},{"start":{"line":54,"column":49},"end":{"line":54,"column":72}}]},"10":{"line":58,"type":"binary-expr","locations":[{"start":{"line":58,"column":20},"end":{"line":58,"column":47}},{"start":{"line":58,"column":51},"end":{"line":58,"column":53}}]},"11":{"line":62,"type":"if","locations":[{"start":{"line":62,"column":10},"end":{"line":62,"column":10}},{"start":{"line":62,"column":10},"end":{"line":62,"column":10}}]},"12":{"line":72,"type":"if","locations":[{"start":{"line":72,"column":14},"end":{"line":72,"column":14}},{"start":{"line":72,"column":14},"end":{"line":72,"column":14}}]},"13":{"line":77,"type":"if","locations":[{"start":{"line":77,"column":12},"end":{"line":77,"column":12}},{"start":{"line":77,"column":12},"end":{"line":77,"column":12}}]}}}}