{"/Applications/MAMP/htdocs/Projects/Github/node-dependency-injection/dist/index.js":{"path":"/Applications/MAMP/htdocs/Projects/Github/node-dependency-injection/dist/index.js","s":{"1":1,"2":1,"3":1,"4":1,"5":1,"6":1,"7":2,"8":2,"9":1,"10":2,"11":2,"12":2,"13":2,"14":1,"15":44,"16":44,"17":0,"18":1,"19":7,"20":7,"21":7,"22":7,"23":7,"24":7,"25":7,"26":5,"27":5,"28":5,"29":5,"30":5,"31":7,"32":7,"33":1,"34":5,"35":5,"36":5,"37":5,"38":5,"39":7,"40":7,"41":7,"42":7,"43":7,"44":5,"45":1,"46":12,"47":12,"48":12,"49":12,"50":12,"51":14,"52":14,"53":14,"54":14,"55":14,"56":14,"57":3,"58":3,"59":11,"60":11,"61":11,"62":11,"63":16,"64":16,"65":16,"66":9,"67":9,"68":11,"69":6,"70":6,"71":6,"72":14,"73":12,"74":1,"75":1},"b":{"1":[1,1],"2":[2,2],"3":[2,2],"4":[2,2],"5":[0,44],"6":[7,7],"7":[7,2],"8":[5,0],"9":[5,5],"10":[7,4],"11":[12,12],"12":[14,2],"13":[3,11],"14":[9,7],"15":[6,5]},"f":{"1":1,"2":1,"3":2,"4":44,"5":7,"6":5,"7":12},"fnMap":{"1":{"name":"(anonymous_1)","line":2,"loc":{"start":{"line":2,"column":1},"end":{"line":2,"column":12}}},"2":{"name":"(anonymous_2)","line":9,"loc":{"start":{"line":9,"column":25},"end":{"line":9,"column":36}}},"3":{"name":"DependencyInjection","line":10,"loc":{"start":{"line":10,"column":4},"end":{"line":10,"column":42}}},"4":{"name":"(anonymous_4)","line":21,"loc":{"start":{"line":21,"column":40},"end":{"line":21,"column":51}}},"5":{"name":"(anonymous_5)","line":28,"loc":{"start":{"line":28,"column":45},"end":{"line":28,"column":88}}},"6":{"name":"(anonymous_6)","line":47,"loc":{"start":{"line":47,"column":44},"end":{"line":47,"column":77}}},"7":{"name":"(anonymous_7)","line":62,"loc":{"start":{"line":62,"column":43},"end":{"line":62,"column":66}}}},"statementMap":{"1":{"start":{"line":2,"column":0},"end":{"line":106,"column":14}},"2":{"start":{"line":3,"column":2},"end":{"line":3,"column":37}},"3":{"start":{"line":5,"column":2},"end":{"line":5,"column":28}},"4":{"start":{"line":7,"column":2},"end":{"line":7,"column":29}},"5":{"start":{"line":9,"column":2},"end":{"line":102,"column":7}},"6":{"start":{"line":10,"column":4},"end":{"line":19,"column":5}},"7":{"start":{"line":11,"column":6},"end":{"line":11,"column":42}},"8":{"start":{"line":12,"column":6},"end":{"line":14,"column":7}},"9":{"start":{"line":13,"column":8},"end":{"line":13,"column":21}},"10":{"start":{"line":15,"column":6},"end":{"line":15,"column":98}},"11":{"start":{"line":16,"column":6},"end":{"line":16,"column":34}},"12":{"start":{"line":17,"column":6},"end":{"line":17,"column":45}},"13":{"start":{"line":18,"column":6},"end":{"line":18,"column":41}},"14":{"start":{"line":21,"column":4},"end":{"line":26,"column":6}},"15":{"start":{"line":22,"column":6},"end":{"line":22,"column":61}},"16":{"start":{"line":23,"column":6},"end":{"line":25,"column":7}},"17":{"start":{"line":24,"column":8},"end":{"line":24,"column":53}},"18":{"start":{"line":28,"column":4},"end":{"line":45,"column":6}},"19":{"start":{"line":29,"column":6},"end":{"line":29,"column":62}},"20":{"start":{"line":30,"column":6},"end":{"line":30,"column":38}},"21":{"start":{"line":31,"column":6},"end":{"line":31,"column":143}},"22":{"start":{"line":32,"column":6},"end":{"line":32,"column":76}},"23":{"start":{"line":33,"column":6},"end":{"line":33,"column":63}},"24":{"start":{"line":34,"column":6},"end":{"line":34,"column":56}},"25":{"start":{"line":35,"column":6},"end":{"line":42,"column":7}},"26":{"start":{"line":36,"column":8},"end":{"line":36,"column":33}},"27":{"start":{"line":37,"column":8},"end":{"line":37,"column":105}},"28":{"start":{"line":38,"column":8},"end":{"line":41,"column":9}},"29":{"start":{"line":39,"column":10},"end":{"line":39,"column":65}},"30":{"start":{"line":40,"column":10},"end":{"line":40,"column":39}},"31":{"start":{"line":43,"column":6},"end":{"line":43,"column":59}},"32":{"start":{"line":44,"column":6},"end":{"line":44,"column":43}},"33":{"start":{"line":47,"column":4},"end":{"line":60,"column":6}},"34":{"start":{"line":48,"column":6},"end":{"line":48,"column":31}},"35":{"start":{"line":49,"column":6},"end":{"line":49,"column":40}},"36":{"start":{"line":50,"column":6},"end":{"line":50,"column":134}},"37":{"start":{"line":51,"column":6},"end":{"line":51,"column":79}},"38":{"start":{"line":52,"column":6},"end":{"line":58,"column":7}},"39":{"start":{"line":53,"column":8},"end":{"line":53,"column":38}},"40":{"start":{"line":54,"column":8},"end":{"line":54,"column":72}},"41":{"start":{"line":55,"column":8},"end":{"line":55,"column":45}},"42":{"start":{"line":56,"column":8},"end":{"line":56,"column":65}},"43":{"start":{"line":57,"column":8},"end":{"line":57,"column":51}},"44":{"start":{"line":59,"column":6},"end":{"line":59,"column":39}},"45":{"start":{"line":62,"column":4},"end":{"line":98,"column":6}},"46":{"start":{"line":63,"column":6},"end":{"line":63,"column":188}},"47":{"start":{"line":64,"column":6},"end":{"line":64,"column":39}},"48":{"start":{"line":65,"column":6},"end":{"line":65,"column":134}},"49":{"start":{"line":66,"column":6},"end":{"line":66,"column":20}},"50":{"start":{"line":67,"column":6},"end":{"line":96,"column":7}},"51":{"start":{"line":68,"column":8},"end":{"line":68,"column":38}},"52":{"start":{"line":69,"column":8},"end":{"line":69,"column":54}},"53":{"start":{"line":70,"column":8},"end":{"line":70,"column":22}},"54":{"start":{"line":71,"column":8},"end":{"line":94,"column":9}},"55":{"start":{"line":72,"column":10},"end":{"line":72,"column":35}},"56":{"start":{"line":73,"column":10},"end":{"line":93,"column":11}},"57":{"start":{"line":74,"column":12},"end":{"line":74,"column":74}},"58":{"start":{"line":75,"column":12},"end":{"line":75,"column":36}},"59":{"start":{"line":77,"column":12},"end":{"line":77,"column":34}},"60":{"start":{"line":78,"column":12},"end":{"line":78,"column":39}},"61":{"start":{"line":79,"column":12},"end":{"line":79,"column":41}},"62":{"start":{"line":80,"column":12},"end":{"line":87,"column":13}},"63":{"start":{"line":81,"column":14},"end":{"line":81,"column":50}},"64":{"start":{"line":82,"column":14},"end":{"line":82,"column":80}},"65":{"start":{"line":83,"column":14},"end":{"line":86,"column":15}},"66":{"start":{"line":84,"column":16},"end":{"line":84,"column":81}},"67":{"start":{"line":85,"column":16},"end":{"line":85,"column":64}},"68":{"start":{"line":88,"column":12},"end":{"line":92,"column":13}},"69":{"start":{"line":89,"column":14},"end":{"line":89,"column":38}},"70":{"start":{"line":90,"column":14},"end":{"line":90,"column":42}},"71":{"start":{"line":91,"column":14},"end":{"line":91,"column":70}},"72":{"start":{"line":95,"column":8},"end":{"line":95,"column":84}},"73":{"start":{"line":97,"column":6},"end":{"line":97,"column":22}},"74":{"start":{"line":100,"column":4},"end":{"line":100,"column":31}},"75":{"start":{"line":104,"column":2},"end":{"line":104,"column":39}}},"branchMap":{"1":{"line":12,"type":"if","locations":[{"start":{"line":12,"column":6},"end":{"line":12,"column":6}},{"start":{"line":12,"column":6},"end":{"line":12,"column":6}}]},"2":{"line":16,"type":"binary-expr","locations":[{"start":{"line":16,"column":19},"end":{"line":16,"column":24}},{"start":{"line":16,"column":28},"end":{"line":16,"column":33}}]},"3":{"line":17,"type":"binary-expr","locations":[{"start":{"line":17,"column":26},"end":{"line":17,"column":38}},{"start":{"line":17,"column":42},"end":{"line":17,"column":44}}]},"4":{"line":18,"type":"binary-expr","locations":[{"start":{"line":18,"column":24},"end":{"line":18,"column":34}},{"start":{"line":18,"column":38},"end":{"line":18,"column":40}}]},"5":{"line":23,"type":"if","locations":[{"start":{"line":23,"column":6},"end":{"line":23,"column":6}},{"start":{"line":23,"column":6},"end":{"line":23,"column":6}}]},"6":{"line":31,"type":"binary-expr","locations":[{"start":{"line":31,"column":16},"end":{"line":31,"column":50}},{"start":{"line":31,"column":54},"end":{"line":31,"column":79}}]},"7":{"line":34,"type":"binary-expr","locations":[{"start":{"line":34,"column":18},"end":{"line":34,"column":49}},{"start":{"line":34,"column":53},"end":{"line":34,"column":55}}]},"8":{"line":38,"type":"if","locations":[{"start":{"line":38,"column":8},"end":{"line":38,"column":8}},{"start":{"line":38,"column":8},"end":{"line":38,"column":8}}]},"9":{"line":50,"type":"binary-expr","locations":[{"start":{"line":50,"column":16},"end":{"line":50,"column":45}},{"start":{"line":50,"column":49},"end":{"line":50,"column":72}}]},"10":{"line":54,"type":"binary-expr","locations":[{"start":{"line":54,"column":38},"end":{"line":54,"column":65}},{"start":{"line":54,"column":69},"end":{"line":54,"column":71}}]},"11":{"line":65,"type":"binary-expr","locations":[{"start":{"line":65,"column":16},"end":{"line":65,"column":45}},{"start":{"line":65,"column":49},"end":{"line":65,"column":72}}]},"12":{"line":69,"type":"binary-expr","locations":[{"start":{"line":69,"column":20},"end":{"line":69,"column":47}},{"start":{"line":69,"column":51},"end":{"line":69,"column":53}}]},"13":{"line":73,"type":"if","locations":[{"start":{"line":73,"column":10},"end":{"line":73,"column":10}},{"start":{"line":73,"column":10},"end":{"line":73,"column":10}}]},"14":{"line":83,"type":"if","locations":[{"start":{"line":83,"column":14},"end":{"line":83,"column":14}},{"start":{"line":83,"column":14},"end":{"line":83,"column":14}}]},"15":{"line":88,"type":"if","locations":[{"start":{"line":88,"column":12},"end":{"line":88,"column":12}},{"start":{"line":88,"column":12},"end":{"line":88,"column":12}}]}}}}