TN:
SF:/Applications/MAMP/htdocs/Projects/Github/node-dependency-injection/dist/index.js
FN:2,(anonymous_1)
FN:9,(anonymous_2)
FN:10,DependencyInjection
FN:21,(anonymous_4)
FN:28,(anonymous_5)
FN:36,(anonymous_6)
FN:51,(anonymous_7)
FNF:7
FNH:7
FNDA:1,(anonymous_1)
FNDA:1,(anonymous_2)
FNDA:2,DependencyInjection
FNDA:27,(anonymous_4)
FNDA:5,(anonymous_5)
FNDA:4,(anonymous_6)
FNDA:9,(anonymous_7)
DA:2,1
DA:3,1
DA:5,1
DA:7,1
DA:9,1
DA:10,1
DA:11,2
DA:12,2
DA:13,1
DA:15,2
DA:16,2
DA:17,2
DA:18,2
DA:21,1
DA:22,27
DA:23,27
DA:24,0
DA:28,1
DA:29,5
DA:30,5
DA:31,5
DA:32,5
DA:33,5
DA:36,1
DA:37,4
DA:38,4
DA:39,4
DA:40,4
DA:41,4
DA:42,6
DA:43,6
DA:44,6
DA:45,6
DA:46,6
DA:48,4
DA:51,1
DA:52,9
DA:53,9
DA:54,9
DA:55,9
DA:56,9
DA:57,11
DA:58,11
DA:59,11
DA:60,11
DA:61,11
DA:62,11
DA:63,3
DA:64,3
DA:66,8
DA:67,8
DA:68,8
DA:69,8
DA:70,13
DA:71,13
DA:72,13
DA:73,7
DA:74,7
DA:77,8
DA:78,4
DA:79,4
DA:80,4
DA:84,11
DA:86,9
DA:89,1
DA:93,1
LF:66
LH:65
BRDA:12,1,0,1
BRDA:12,1,1,1
BRDA:16,2,0,2
BRDA:16,2,1,2
BRDA:17,3,0,2
BRDA:17,3,1,2
BRDA:18,4,0,2
BRDA:18,4,1,2
BRDA:23,5,0,0
BRDA:23,5,1,27
BRDA:30,6,0,5
BRDA:30,6,1,5
BRDA:39,7,0,4
BRDA:39,7,1,4
BRDA:43,8,0,6
BRDA:43,8,1,3
BRDA:54,9,0,9
BRDA:54,9,1,9
BRDA:58,10,0,11
BRDA:58,10,1,2
BRDA:62,11,0,3
BRDA:62,11,1,8
BRDA:72,12,0,7
BRDA:72,12,1,6
BRDA:77,13,0,4
BRDA:77,13,1,4
BRF:26
BRH:25
end_of_record
