TN:
SF:/Applications/MAMP/htdocs/Projects/Github/node-dependency-injection/dist/index.js
FN:2,(anonymous_1)
FN:9,(anonymous_2)
FN:10,DependencyInjection
FN:21,(anonymous_4)
FN:28,(anonymous_5)
FN:47,(anonymous_6)
FN:62,(anonymous_7)
FNF:7
FNH:7
FNDA:1,(anonymous_1)
FNDA:1,(anonymous_2)
FNDA:2,DependencyInjection
FNDA:44,(anonymous_4)
FNDA:7,(anonymous_5)
FNDA:5,(anonymous_6)
FNDA:12,(anonymous_7)
DA:2,1
DA:3,1
DA:5,1
DA:7,1
DA:9,1
DA:10,1
DA:11,2
DA:12,2
DA:13,1
DA:15,2
DA:16,2
DA:17,2
DA:18,2
DA:21,1
DA:22,44
DA:23,44
DA:24,0
DA:28,1
DA:29,7
DA:30,7
DA:31,7
DA:32,7
DA:33,7
DA:34,7
DA:35,7
DA:36,5
DA:37,5
DA:38,5
DA:39,5
DA:40,5
DA:43,7
DA:44,7
DA:47,1
DA:48,5
DA:49,5
DA:50,5
DA:51,5
DA:52,5
DA:53,7
DA:54,7
DA:55,7
DA:56,7
DA:57,7
DA:59,5
DA:62,1
DA:63,12
DA:64,12
DA:65,12
DA:66,12
DA:67,12
DA:68,14
DA:69,14
DA:70,14
DA:71,14
DA:72,14
DA:73,14
DA:74,3
DA:75,3
DA:77,11
DA:78,11
DA:79,11
DA:80,11
DA:81,16
DA:82,16
DA:83,16
DA:84,9
DA:85,9
DA:88,11
DA:89,6
DA:90,6
DA:91,6
DA:95,14
DA:97,12
DA:100,1
DA:104,1
LF:75
LH:74
BRDA:12,1,0,1
BRDA:12,1,1,1
BRDA:16,2,0,2
BRDA:16,2,1,2
BRDA:17,3,0,2
BRDA:17,3,1,2
BRDA:18,4,0,2
BRDA:18,4,1,2
BRDA:23,5,0,0
BRDA:23,5,1,44
BRDA:31,6,0,7
BRDA:31,6,1,7
BRDA:34,7,0,7
BRDA:34,7,1,2
BRDA:38,8,0,5
BRDA:38,8,1,0
BRDA:50,9,0,5
BRDA:50,9,1,5
BRDA:54,10,0,7
BRDA:54,10,1,4
BRDA:65,11,0,12
BRDA:65,11,1,12
BRDA:69,12,0,14
BRDA:69,12,1,2
BRDA:73,13,0,3
BRDA:73,13,1,11
BRDA:83,14,0,9
BRDA:83,14,1,7
BRDA:88,15,0,6
BRDA:88,15,1,5
BRF:30
BRH:28
end_of_record
